<?xml version="1.0" encoding="UTF-8"?>
<coverage generated="1628520920139" clover="3.2.0">
  <project timestamp="1628520920139" name="All files">
    <metrics statements="10" coveredstatements="8" conditionals="4" coveredconditionals="3" methods="3" coveredmethods="2" elements="17" coveredelements="13" complexity="0" loc="10" ncloc="10" packages="1" files="2" classes="2"/>
    <file name="RandomFunctionOne.js" path="C:\Users\esoper\Dev\jest-testing-first-mock\src\pages\testFunctions\RandomFunctionOne.js">
      <metrics statements="4" coveredstatements="3" conditionals="4" coveredconditionals="3" methods="1" coveredmethods="1"/>
      <line num="1" count="1" type="stmt"/>
      <line num="2" count="2" type="cond" truecount="3" falsecount="1"/>
      <line num="3" count="0" type="stmt"/>
      <line num="5" count="2" type="stmt"/>
    </file>
    <file name="TestComponent.js" path="C:\Users\esoper\Dev\jest-testing-first-mock\src\pages\testFunctions\TestComponent.js">
      <metrics statements="6" coveredstatements="5" conditionals="0" coveredconditionals="0" methods="2" coveredmethods="1"/>
      <line num="2" count="1" type="stmt"/>
      <line num="4" count="1" type="stmt"/>
      <line num="5" count="1" type="stmt"/>
      <line num="7" count="1" type="stmt"/>
      <line num="8" count="0" type="stmt"/>
      <line num="11" count="1" type="stmt"/>
    </file>
  </project>
</coverage>
