{"C:\\Users\\esoper\\Dev\\jest-testing-first-mock\\src\\pages\\testFunctions\\RandomFunctionOne.js": {"path":"C:\\Users\\esoper\\Dev\\jest-testing-first-mock\\src\\pages\\testFunctions\\RandomFunctionOne.js","statementMap":{"0":{"start":{"line":1,"column":0},"end":{"line":7,"column":2}},"1":{"start":{"line":2,"column":4},"end":{"line":6,"column":5}},"2":{"start":{"line":3,"column":8},"end":{"line":3,"column":21}},"3":{"start":{"line":5,"column":8},"end":{"line":5,"column":27}}},"fnMap":{"0":{"name":"(anonymous_0)","decl":{"start":{"line":1,"column":17},"end":{"line":1,"column":18}},"loc":{"start":{"line":1,"column":33},"end":{"line":7,"column":1}},"line":1}},"branchMap":{"0":{"loc":{"start":{"line":2,"column":4},"end":{"line":6,"column":5}},"type":"if","locations":[{"start":{"line":2,"column":4},"end":{"line":6,"column":5}},{"start":{"line":2,"column":4},"end":{"line":6,"column":5}}],"line":2},"1":{"loc":{"start":{"line":2,"column":14},"end":{"line":2,"column":26}},"type":"binary-expr","locations":[{"start":{"line":2,"column":14},"end":{"line":2,"column":18}},{"start":{"line":2,"column":22},"end":{"line":2,"column":26}}],"line":2}},"s":{"0":1,"1":2,"2":0,"3":2},"f":{"0":2},"b":{"0":[0,2],"1":[2,1]},"_coverageSchema":"1a1c01bbd47fc00a2c39e90264f33305004495a9","hash":"043fac08aecf04c5e949325b74cd85f6f58ddb23"}
,"C:\\Users\\esoper\\Dev\\jest-testing-first-mock\\src\\pages\\testFunctions\\TestComponent.js": {"path":"C:\\Users\\esoper\\Dev\\jest-testing-first-mock\\src\\pages\\testFunctions\\TestComponent.js","statementMap":{"0":{"start":{"line":2,"column":21},"end":{"line":2,"column":37}},"1":{"start":{"line":4,"column":0},"end":{"line":17,"column":2}},"2":{"start":{"line":5,"column":31},"end":{"line":5,"column":42}},"3":{"start":{"line":7,"column":23},"end":{"line":9,"column":2}},"4":{"start":{"line":8,"column":2},"end":{"line":8,"column":26}},"5":{"start":{"line":11,"column":1},"end":{"line":16,"column":3}}},"fnMap":{"0":{"name":"(anonymous_0)","decl":{"start":{"line":4,"column":17},"end":{"line":4,"column":18}},"loc":{"start":{"line":4,"column":23},"end":{"line":17,"column":1}},"line":4},"1":{"name":"(anonymous_1)","decl":{"start":{"line":7,"column":23},"end":{"line":7,"column":24}},"loc":{"start":{"line":7,"column":29},"end":{"line":9,"column":2}},"line":7}},"branchMap":{},"s":{"0":1,"1":1,"2":1,"3":1,"4":0,"5":1},"f":{"0":1,"1":0},"b":{},"_coverageSchema":"1a1c01bbd47fc00a2c39e90264f33305004495a9","hash":"1913752b8b42c75ec408ff882abe5466e7dc3b63"}
}
